0 info it worked if it ends with ok
1 verbose cli [ '/usr/bin/node',
1 verbose cli   '/usr/bin/npm',
1 verbose cli   'install',
1 verbose cli   'grunt-contrib-qunit' ]
2 info using npm@1.2.17
3 info using node@v0.10.3
4 verbose node symlink /usr/bin/node
5 verbose read json /var/www/vertical_list_accordion/package.json
6 verbose read json /var/www/vertical_list_accordion/node_modules/grunt/package.json
7 verbose read json /var/www/vertical_list_accordion/node_modules/grunt-clean/package.json
8 verbose read json /var/www/vertical_list_accordion/node_modules/grunt-contrib/package.json
9 verbose read json /var/www/vertical_list_accordion/node_modules/grunt-contrib-jshint/package.json
10 verbose read json /var/www/vertical_list_accordion/node_modules/grunt-contrib-nodeunit/package.json
11 verbose read json /var/www/vertical_list_accordion/node_modules/grunt-contrib-qunit/package.json
12 verbose read json /var/www/vertical_list_accordion/node_modules/grunt-contrib-uglify/package.json
13 verbose read json /var/www/vertical_list_accordion/node_modules/grunt-contrib-watch/package.json
14 verbose read json /var/www/vertical_list_accordion/node_modules/grunt-node-qunit/package.json
15 verbose from cache /var/www/vertical_list_accordion/package.json
16 verbose readDependencies using package.json deps
17 verbose cache add [ 'grunt-contrib-qunit', null ]
18 verbose cache add name=undefined spec="grunt-contrib-qunit" args=["grunt-contrib-qunit",null]
19 verbose parsed url { protocol: null,
19 verbose parsed url   slashes: null,
19 verbose parsed url   auth: null,
19 verbose parsed url   host: null,
19 verbose parsed url   port: null,
19 verbose parsed url   hostname: null,
19 verbose parsed url   hash: null,
19 verbose parsed url   search: null,
19 verbose parsed url   query: null,
19 verbose parsed url   pathname: 'grunt-contrib-qunit',
19 verbose parsed url   path: 'grunt-contrib-qunit',
19 verbose parsed url   href: 'grunt-contrib-qunit' }
20 silly lockFile 0d2016ab-grunt-contrib-qunit grunt-contrib-qunit
21 verbose lock grunt-contrib-qunit /home/cbenseler/.npm/0d2016ab-grunt-contrib-qunit.lock
22 silly lockFile 0d2016ab-grunt-contrib-qunit grunt-contrib-qunit
23 silly lockFile 0d2016ab-grunt-contrib-qunit grunt-contrib-qunit
24 verbose addNamed [ 'grunt-contrib-qunit', '' ]
25 verbose addNamed [ null, '' ]
26 silly lockFile 9fafc39d-grunt-contrib-qunit grunt-contrib-qunit@
27 verbose lock grunt-contrib-qunit@ /home/cbenseler/.npm/9fafc39d-grunt-contrib-qunit.lock
28 silly addNameRange { name: 'grunt-contrib-qunit', range: '', hasData: false }
29 verbose url raw grunt-contrib-qunit
30 verbose url resolving [ 'https://registry.npmjs.org/', './grunt-contrib-qunit' ]
31 verbose url resolved https://registry.npmjs.org/grunt-contrib-qunit
32 info trying registry request attempt 1 at 09:15:31
33 verbose etag "YDWFML5X4WDBNWJHYADJV10T"
34 http GET https://registry.npmjs.org/grunt-contrib-qunit
35 http 200 https://registry.npmjs.org/grunt-contrib-qunit
36 silly registry.get cb [ 200,
36 silly registry.get   { vary: 'Accept',
36 silly registry.get     server: 'CouchDB/1.2.1 (Erlang OTP/R15B03)',
36 silly registry.get     etag: '"8CEAEB9RCJ1SYGOEFKHSL3VKO"',
36 silly registry.get     date: 'Tue, 09 Apr 2013 12:15:37 GMT',
36 silly registry.get     'content-type': 'application/json',
36 silly registry.get     'content-length': '61526' } ]
37 silly addNameRange number 2 { name: 'grunt-contrib-qunit', range: '', hasData: true }
38 silly addNameRange versions [ 'grunt-contrib-qunit',
38 silly addNameRange   [ '0.1.0', '0.1.1rc5', '0.1.1rc6', '0.1.1', '0.2.0', '0.2.1' ] ]
39 verbose addNamed [ 'grunt-contrib-qunit', '0.2.1' ]
40 verbose addNamed [ '0.2.1', '0.2.1' ]
41 silly lockFile 5a8ce80e-grunt-contrib-qunit-0-2-1 grunt-contrib-qunit@0.2.1
42 verbose lock grunt-contrib-qunit@0.2.1 /home/cbenseler/.npm/5a8ce80e-grunt-contrib-qunit-0-2-1.lock
43 silly lockFile ba4f5e02-it-grunt-contrib-qunit-0-2-1-tgz https://registry.npmjs.org/grunt-contrib-qunit/-/grunt-contrib-qunit-0.2.1.tgz
44 verbose lock https://registry.npmjs.org/grunt-contrib-qunit/-/grunt-contrib-qunit-0.2.1.tgz /home/cbenseler/.npm/ba4f5e02-it-grunt-contrib-qunit-0-2-1-tgz.lock
45 verbose addRemoteTarball [ 'https://registry.npmjs.org/grunt-contrib-qunit/-/grunt-contrib-qunit-0.2.1.tgz',
45 verbose addRemoteTarball   'd82be1605143de3461dd529d2d4c437ae416c506' ]
46 info retry fetch attempt 1 at 09:15:35
47 verbose fetch to= /home/cbenseler/tmp/npm-1474/1365509735241-0.156215577153489/tmp.tgz
48 http GET https://registry.npmjs.org/grunt-contrib-qunit/-/grunt-contrib-qunit-0.2.1.tgz
49 http 200 https://registry.npmjs.org/grunt-contrib-qunit/-/grunt-contrib-qunit-0.2.1.tgz
50 silly shasum updated bytes 22376
51 info shasum d82be1605143de3461dd529d2d4c437ae416c506
51 info shasum /home/cbenseler/tmp/npm-1474/1365509735241-0.156215577153489/tmp.tgz
52 verbose tar unpack /home/cbenseler/tmp/npm-1474/1365509735241-0.156215577153489/tmp.tgz
53 silly lockFile e6b01fe6-735241-0-156215577153489-package /home/cbenseler/tmp/npm-1474/1365509735241-0.156215577153489/package
54 verbose lock /home/cbenseler/tmp/npm-1474/1365509735241-0.156215577153489/package /home/cbenseler/.npm/e6b01fe6-735241-0-156215577153489-package.lock
55 silly lockFile 093488a9-735241-0-156215577153489-tmp-tgz /home/cbenseler/tmp/npm-1474/1365509735241-0.156215577153489/tmp.tgz
56 verbose lock /home/cbenseler/tmp/npm-1474/1365509735241-0.156215577153489/tmp.tgz /home/cbenseler/.npm/093488a9-735241-0-156215577153489-tmp-tgz.lock
57 silly gunzTarPerm modes [ '755', '644' ]
58 silly gunzTarPerm extractEntry package.json
59 silly gunzTarPerm extractEntry .npmignore
60 silly gunzTarPerm extractEntry README.md
61 silly gunzTarPerm extractEntry Gruntfile.js
62 silly gunzTarPerm extractEntry LICENSE-MIT
63 silly gunzTarPerm extractEntry CONTRIBUTING.md
64 silly gunzTarPerm extractEntry .jshintrc
65 silly gunzTarPerm extractEntry .travis.yml
66 silly gunzTarPerm extractEntry AUTHORS
67 silly gunzTarPerm extractEntry docs/qunit-examples.md
68 silly gunzTarPerm extractEntry docs/qunit-options.md
69 silly gunzTarPerm extractEntry docs/qunit-overview.md
70 silly gunzTarPerm extractEntry CHANGELOG
71 silly gunzTarPerm extractEntry phantomjs/bridge.js
72 silly gunzTarPerm extractEntry tasks/qunit.js
73 silly gunzTarPerm extractEntry test/qunit_test.js
74 silly gunzTarPerm extractEntry test/qunit_test_error.js
75 silly gunzTarPerm extractEntry test/libs/qunit.js
76 silly gunzTarPerm extractEntry test/libs/qunit.css
77 silly gunzTarPerm extractEntry test/qunit1.html
78 silly gunzTarPerm extractEntry test/qunit2.html
79 verbose read json /home/cbenseler/tmp/npm-1474/1365509735241-0.156215577153489/package/package.json
80 silly lockFile e6b01fe6-735241-0-156215577153489-package /home/cbenseler/tmp/npm-1474/1365509735241-0.156215577153489/package
81 silly lockFile e6b01fe6-735241-0-156215577153489-package /home/cbenseler/tmp/npm-1474/1365509735241-0.156215577153489/package
82 silly lockFile 093488a9-735241-0-156215577153489-tmp-tgz /home/cbenseler/tmp/npm-1474/1365509735241-0.156215577153489/tmp.tgz
83 silly lockFile 093488a9-735241-0-156215577153489-tmp-tgz /home/cbenseler/tmp/npm-1474/1365509735241-0.156215577153489/tmp.tgz
84 verbose from cache /home/cbenseler/tmp/npm-1474/1365509735241-0.156215577153489/package/package.json
85 verbose tar pack [ '/home/cbenseler/.npm/grunt-contrib-qunit/0.2.1/package.tgz',
85 verbose tar pack   '/home/cbenseler/tmp/npm-1474/1365509735241-0.156215577153489/package' ]
86 verbose tarball /home/cbenseler/.npm/grunt-contrib-qunit/0.2.1/package.tgz
87 verbose folder /home/cbenseler/tmp/npm-1474/1365509735241-0.156215577153489/package
88 silly lockFile e6b01fe6-735241-0-156215577153489-package /home/cbenseler/tmp/npm-1474/1365509735241-0.156215577153489/package
89 verbose lock /home/cbenseler/tmp/npm-1474/1365509735241-0.156215577153489/package /home/cbenseler/.npm/e6b01fe6-735241-0-156215577153489-package.lock
90 silly lockFile 9fae4324--contrib-qunit-0-2-1-package-tgz /home/cbenseler/.npm/grunt-contrib-qunit/0.2.1/package.tgz
91 verbose lock /home/cbenseler/.npm/grunt-contrib-qunit/0.2.1/package.tgz /home/cbenseler/.npm/9fae4324--contrib-qunit-0-2-1-package-tgz.lock
92 silly lockFile e6b01fe6-735241-0-156215577153489-package /home/cbenseler/tmp/npm-1474/1365509735241-0.156215577153489/package
93 silly lockFile e6b01fe6-735241-0-156215577153489-package /home/cbenseler/tmp/npm-1474/1365509735241-0.156215577153489/package
94 silly lockFile 9fae4324--contrib-qunit-0-2-1-package-tgz /home/cbenseler/.npm/grunt-contrib-qunit/0.2.1/package.tgz
95 silly lockFile 9fae4324--contrib-qunit-0-2-1-package-tgz /home/cbenseler/.npm/grunt-contrib-qunit/0.2.1/package.tgz
96 silly lockFile a039f17f-runt-contrib-qunit-0-2-1-package /home/cbenseler/.npm/grunt-contrib-qunit/0.2.1/package
97 verbose lock /home/cbenseler/.npm/grunt-contrib-qunit/0.2.1/package /home/cbenseler/.npm/a039f17f-runt-contrib-qunit-0-2-1-package.lock
98 silly lockFile a039f17f-runt-contrib-qunit-0-2-1-package /home/cbenseler/.npm/grunt-contrib-qunit/0.2.1/package
99 silly lockFile a039f17f-runt-contrib-qunit-0-2-1-package /home/cbenseler/.npm/grunt-contrib-qunit/0.2.1/package
100 verbose tar unpack /home/cbenseler/.npm/grunt-contrib-qunit/0.2.1/package.tgz
101 silly lockFile a039f17f-runt-contrib-qunit-0-2-1-package /home/cbenseler/.npm/grunt-contrib-qunit/0.2.1/package
102 verbose lock /home/cbenseler/.npm/grunt-contrib-qunit/0.2.1/package /home/cbenseler/.npm/a039f17f-runt-contrib-qunit-0-2-1-package.lock
103 silly lockFile 9fae4324--contrib-qunit-0-2-1-package-tgz /home/cbenseler/.npm/grunt-contrib-qunit/0.2.1/package.tgz
104 verbose lock /home/cbenseler/.npm/grunt-contrib-qunit/0.2.1/package.tgz /home/cbenseler/.npm/9fae4324--contrib-qunit-0-2-1-package-tgz.lock
105 silly gunzTarPerm modes [ '755', '644' ]
106 silly gunzTarPerm extractEntry package.json
107 silly gunzTarPerm extractEntry .npmignore
108 silly gunzTarPerm extractEntry README.md
109 silly gunzTarPerm extractEntry Gruntfile.js
110 silly gunzTarPerm extractEntry LICENSE-MIT
111 silly gunzTarPerm extractEntry CONTRIBUTING.md
112 silly gunzTarPerm extractEntry .jshintrc
113 silly gunzTarPerm extractEntry .travis.yml
114 silly gunzTarPerm extractEntry AUTHORS
115 silly gunzTarPerm extractEntry docs/qunit-examples.md
116 silly gunzTarPerm extractEntry docs/qunit-options.md
117 silly gunzTarPerm extractEntry docs/qunit-overview.md
118 silly gunzTarPerm extractEntry CHANGELOG
119 silly gunzTarPerm extractEntry phantomjs/bridge.js
120 silly gunzTarPerm extractEntry tasks/qunit.js
121 silly gunzTarPerm extractEntry test/qunit_test.js
122 silly gunzTarPerm extractEntry test/qunit_test_error.js
123 silly gunzTarPerm extractEntry test/libs/qunit.js
124 silly gunzTarPerm extractEntry test/libs/qunit.css
125 silly gunzTarPerm extractEntry test/qunit1.html
126 silly gunzTarPerm extractEntry test/qunit2.html
127 verbose read json /home/cbenseler/.npm/grunt-contrib-qunit/0.2.1/package/package.json
128 silly lockFile a039f17f-runt-contrib-qunit-0-2-1-package /home/cbenseler/.npm/grunt-contrib-qunit/0.2.1/package
129 silly lockFile a039f17f-runt-contrib-qunit-0-2-1-package /home/cbenseler/.npm/grunt-contrib-qunit/0.2.1/package
130 silly lockFile 9fae4324--contrib-qunit-0-2-1-package-tgz /home/cbenseler/.npm/grunt-contrib-qunit/0.2.1/package.tgz
131 silly lockFile 9fae4324--contrib-qunit-0-2-1-package-tgz /home/cbenseler/.npm/grunt-contrib-qunit/0.2.1/package.tgz
132 silly shasum updated bytes 22371
133 info shasum cbbaeec1f5a68a7de00425b3aa73b4fa3566d9f5
133 info shasum /home/cbenseler/.npm/grunt-contrib-qunit/0.2.1/package.tgz
134 verbose from cache /home/cbenseler/.npm/grunt-contrib-qunit/0.2.1/package/package.json
135 verbose chmod /home/cbenseler/.npm/grunt-contrib-qunit/0.2.1/package.tgz 644
136 verbose chown /home/cbenseler/.npm/grunt-contrib-qunit/0.2.1/package.tgz [ 1000, 1000 ]
137 silly lockFile ba4f5e02-it-grunt-contrib-qunit-0-2-1-tgz https://registry.npmjs.org/grunt-contrib-qunit/-/grunt-contrib-qunit-0.2.1.tgz
138 silly lockFile ba4f5e02-it-grunt-contrib-qunit-0-2-1-tgz https://registry.npmjs.org/grunt-contrib-qunit/-/grunt-contrib-qunit-0.2.1.tgz
139 silly lockFile 5a8ce80e-grunt-contrib-qunit-0-2-1 grunt-contrib-qunit@0.2.1
140 silly lockFile 5a8ce80e-grunt-contrib-qunit-0-2-1 grunt-contrib-qunit@0.2.1
141 silly lockFile 9fafc39d-grunt-contrib-qunit grunt-contrib-qunit@
142 silly lockFile 9fafc39d-grunt-contrib-qunit grunt-contrib-qunit@
143 silly resolved [ { name: 'grunt-contrib-qunit',
143 silly resolved     description: 'Run QUnit unit tests in a headless PhantomJS instance.',
143 silly resolved     version: '0.2.1',
143 silly resolved     homepage: 'https://github.com/gruntjs/grunt-contrib-qunit',
143 silly resolved     author: { name: 'Grunt Team', url: 'http://gruntjs.com/' },
143 silly resolved     repository:
143 silly resolved      { type: 'git',
143 silly resolved        url: 'git://github.com/gruntjs/grunt-contrib-qunit.git' },
143 silly resolved     bugs: { url: 'https://github.com/gruntjs/grunt-contrib-qunit/issues' },
143 silly resolved     licenses: [ [Object] ],
143 silly resolved     main: 'Gruntfile.js',
143 silly resolved     engines: { node: '>= 0.8.0' },
143 silly resolved     scripts: { test: 'grunt test' },
143 silly resolved     dependencies: { 'grunt-lib-phantomjs': '~0.3.0' },
143 silly resolved     devDependencies:
143 silly resolved      { 'grunt-contrib-jshint': '~0.2.0',
143 silly resolved        'grunt-contrib-connect': '~0.1.1',
143 silly resolved        'grunt-contrib-internal': '~0.4.2',
143 silly resolved        grunt: '~0.4.0',
143 silly resolved        difflet: '~0.2.3' },
143 silly resolved     peerDependencies: { grunt: '~0.4.0' },
143 silly resolved     keywords: [ 'gruntplugin' ],
143 silly resolved     contributors: [ [Object], [Object] ],
143 silly resolved     readme: '# grunt-contrib-qunit [![Build Status](https://secure.travis-ci.org/gruntjs/grunt-contrib-qunit.png?branch=master)](http://travis-ci.org/gruntjs/grunt-contrib-qunit)\n\n> Run QUnit unit tests in a headless PhantomJS instance.\n\n\n\n## Getting Started\nThis plugin requires Grunt `~0.4.0`\n\nIf you haven\'t used [Grunt](http://gruntjs.com/) before, be sure to check out the [Getting Started](http://gruntjs.com/getting-started) guide, as it explains how to create a [Gruntfile](http://gruntjs.com/sample-gruntfile) as well as install and use Grunt plugins. Once you\'re familiar with that process, you may install this plugin with this command:\n\n```shell\nnpm install grunt-contrib-qunit --save-dev\n```\n\nOnce the plugin has been installed, it may be enabled inside your Gruntfile with this line of JavaScript:\n\n```js\ngrunt.loadNpmTasks(\'grunt-contrib-qunit\');\n```\n\n\n\n\n## Qunit task\n_Run this task with the `grunt qunit` command._\n\nTask targets, files and options may be specified according to the grunt [Configuring tasks](http://gruntjs.com/configuring-tasks) guide.\n\nWhen installed by npm, this plugin will automatically download and install [PhantomJS][] locally via the [grunt-lib-phantomjs][] library.\n\n[PhantomJS]: http://www.phantomjs.org/\n[grunt-lib-phantomjs]: https://github.com/gruntjs/grunt-lib-phantomjs\n\nAlso note that running grunt with the `--debug` flag will output a lot of PhantomJS-specific debugging information. This can be very helpful in seeing what actual URIs are being requested and received by PhantomJS.\n### Options\n\n#### timeout\nType: `Number`  \nDefault: `5000`\n\nThe amount of time (in milliseconds) that grunt will wait for a QUnit `start()` call before failing the task with an error.\n\n#### inject\nType: `String`  \nDefault: (built-in)\n\nPath to an alternate QUnit-PhantomJS bridge file to be injected. See [the built-in bridge](https://github.com/gruntjs/grunt-contrib-qunit/blob/master/phantomjs/bridge.js) for more information.\n\n#### urls\nType: `Array`  \nDefault: `[]`\n\nAbsolute `http://` or `https://` urls to be passed to PhantomJS. Specified URLs will be merged with any specified `src` files first. Note that urls must be served by a web server, and since this task doesn\'t contain a web server, one will need to be configured separately. The [grunt-contrib-connect plugin](https://github.com/gruntjs/grunt-contrib-connect) provides a basic web server.\n\n#### (-- PhantomJS arguments)\nType: `String`  \nDefault: (none)\n\nAdditional `--` style arguments that need to be passed in to PhantomJS may be specified as options, like `{\'--option\': \'value\'}`. This may be useful for specifying a cookies file, local storage file, or a proxy. See the [PhantomJS API Reference][] for a list of `--` options that PhantomJS supports.\n\n### Usage examples\n\n#### Wildcards\nIn this example, `grunt qunit:all` (or `grunt qunit` because `qunit` is a [multi task][]) will test all `.html` files in the test directory _and all subdirectories_. First, the wildcard is expanded to match each individual file. Then, each matched filename is passed to [PhantomJS][] (one at a time).\n\n```js\n// Project configuration.\ngrunt.initConfig({\n  qunit: {\n    all: [\'test/**/*.html\']\n  }\n});\n```\n\n#### Testing via http:// or https://\nIn circumstances where running unit tests from local files is inadequate, you can specify `http://` or `https://` URLs via the `urls` option. Each URL is passed to [PhantomJS][] (one at a time).\n\nIn this example, `grunt qunit` will test two files, served from the server running at `localhost:8000`.\n\n```js\n// Project configuration.\ngrunt.initConfig({\n  qunit: {\n    all: {\n      options: {\n        urls: [\n          \'http://localhost:8000/test/foo.html\',\n          \'http://localhost:8000/test/bar.html\'\n        ]\n      }\n    }\n  }\n});\n```\n\nWildcards and URLs may be combined by specifying both.\n\n#### Using the grunt-contrib-connect plugin\nIt\'s important to note that grunt does not automatically start a `localhost` web server. That being said, the [grunt-contrib-connect plugin][] `connect` task can be run before the `qunit` task to serve files via a simple [connect][] web server.\n\n[grunt-contrib-connect plugin]: https://github.com/gruntjs/grunt-contrib-connect\n[connect]: http://www.senchalabs.org/connect/\n\nIn the following example, if a web server isn\'t running at `localhost:8000`, running `grunt qunit` with the following configuration will fail because the `qunit` task won\'t be able to load the specified URLs. However, running `grunt connect qunit` will first start a static [connect][] web server at `localhost:8000` with its base path set to the Gruntfile\'s directory. Then, the `qunit` task will be run, requesting the specified URLs.\n\n```js\n// Project configuration.\ngrunt.initConfig({\n  qunit: {\n    all: {\n      options: {\n        urls: [\n          \'http://localhost:8000/test/foo.html\',\n          \'http://localhost:8000/test/bar.html\',\n        ],\n      },\n    },\n  },\n  connect: {\n    server: {\n      options: {\n        port: 8000,\n        base: \'.\',\n      },\n    },\n  },\n});\n\n// This plugin provides the "connect" task.\ngrunt.loadNpmTasks(\'grunt-contrib-connect\');\n\n// A convenient task alias.\ngrunt.registerTask(\'test\', [\'connect\', \'qunit\']);\n```\n\n#### Custom timeouts and PhantomJS options\nIn the following example, the default timeout value of `5000` is overridden with the value `10000` (timeout values are in milliseconds). Additionally, PhantomJS will read stored cookies from the specified file. See the [PhantomJS API Reference][] for a list of `--` options that PhantomJS supports.\n\n[PhantomJS API Reference]: https://github.com/ariya/phantomjs/wiki/API-Reference\n\n```js\n// Project configuration.\ngrunt.initConfig({\n  qunit: {\n    options: {\n      timeout: 10000,\n      \'--cookies-file\': \'misc/cookies.txt\'\n    },\n    all: [\'test/**/*.html\']\n  }\n});\n```\n\n#### Events and reporting\n[QUnit callback](http://api.qunitjs.com/category/callbacks/) methods and arguments are also emitted through grunt\'s event system so that you may build custom reporting tools. Please refer to to the QUnit documentation for more information.\n\nThe events (with arguments) are as follows:\n\n* `qunit.begin`\n* `qunit.moduleStart`: name\n* `qunit.testStart`: name\n* `qunit.log`: result, actual, expected, message, source\n* `qunit.testDone`: name, failed, passed, total\n* `qunit.moduleDone`: name, failed, passed, total\n* `qunit.done`: failed, passed, total, runtime\n\nIn addition to QUnit callback-named events, the following event is emitted when [PhantomJS][] is spawned for a test:\n\n* `qunit.spawn`: url\n\nYou may listen for these events like so:\n\n```js\ngrunt.event.on(\'qunit.spawn\', function (url) {\n  grunt.log.ok("Running test: " + url);\n});\n```\n\n\n## Release History\n\n * 2013-04-05   v0.2.1   Update to use PhantomJS 1.9.0. Fixes PhantomJS not found errors.\n * 2013-02-28   v0.2.0   Update to use PhantomJS 1.8.1.\n * 2013-02-15   v0.1.1   First official release for Grunt 0.4.0.\n * 2013-01-18   v0.1.1rc6   Updating grunt/gruntplugin dependencies to rc6. Changing in-development grunt/gruntplugin dependency versions from tilde version ranges to specific versions.\n * 2013-01-09   v0.1.1rc5   Updating to work with grunt v0.4.0rc5. Switching to this.filesSrc api. Adding "urls" option for specifying absolute test URLs.\n * 2012-10-05   v0.1.0   Work in progress, not yet officially released.\n\n---\n\nTask submitted by ["Cowboy" Ben Alman](http://benalman.com/)\n\n*This file was generated on Fri Apr 05 2013 19:55:03.*\n',
143 silly resolved     readmeFilename: 'README.md',
143 silly resolved     _id: 'grunt-contrib-qunit@0.2.1',
143 silly resolved     dist: { shasum: 'cbbaeec1f5a68a7de00425b3aa73b4fa3566d9f5' },
143 silly resolved     _from: 'grunt-contrib-qunit@',
143 silly resolved     _resolved: 'https://registry.npmjs.org/grunt-contrib-qunit/-/grunt-contrib-qunit-0.2.1.tgz' } ]
144 info install grunt-contrib-qunit@0.2.1 into /var/www/vertical_list_accordion
145 info installOne grunt-contrib-qunit@0.2.1
146 verbose from cache /home/cbenseler/.npm/grunt-contrib-qunit/0.2.1/package/package.json
147 info /var/www/vertical_list_accordion/node_modules/grunt-contrib-qunit unbuild
148 verbose from cache /var/www/vertical_list_accordion/node_modules/grunt-contrib-qunit/package.json
149 info preuninstall grunt-contrib-qunit@0.2.0
150 info uninstall grunt-contrib-qunit@0.2.0
151 verbose true,/var/www/vertical_list_accordion/node_modules,/var/www/vertical_list_accordion/node_modules unbuild grunt-contrib-qunit@0.2.0
152 info postuninstall grunt-contrib-qunit@0.2.0
153 info /var/www/vertical_list_accordion/node_modules/grunt-contrib-qunit unbuild
154 verbose read json /var/www/vertical_list_accordion/node_modules/grunt-contrib-qunit/package.json
155 error error rolling back Error: EACCES, unlink '/var/www/vertical_list_accordion/node_modules/grunt-contrib-qunit/node_modules/grunt-lib-phantomjs/node_modules/.bin/phantomjs'
155 error error rolling back  grunt-contrib-qunit@0.2.1 { [Error: EACCES, unlink '/var/www/vertical_list_accordion/node_modules/grunt-contrib-qunit/node_modules/grunt-lib-phantomjs/node_modules/.bin/phantomjs']
155 error error rolling back   errno: 3,
155 error error rolling back   code: 'EACCES',
155 error error rolling back   path: '/var/www/vertical_list_accordion/node_modules/grunt-contrib-qunit/node_modules/grunt-lib-phantomjs/node_modules/.bin/phantomjs' }
156 error Error: EACCES, unlink '/var/www/vertical_list_accordion/node_modules/grunt-contrib-qunit/node_modules/grunt-lib-phantomjs/node_modules/.bin/phantomjs'
156 error  { [Error: EACCES, unlink '/var/www/vertical_list_accordion/node_modules/grunt-contrib-qunit/node_modules/grunt-lib-phantomjs/node_modules/.bin/phantomjs']
156 error   errno: 3,
156 error   code: 'EACCES',
156 error   path: '/var/www/vertical_list_accordion/node_modules/grunt-contrib-qunit/node_modules/grunt-lib-phantomjs/node_modules/.bin/phantomjs' }
157 error Please try running this command again as root/Administrator.
158 error System Linux 3.2.0-39-generic-pae
159 error command "/usr/bin/node" "/usr/bin/npm" "install" "grunt-contrib-qunit"
160 error cwd /var/www/vertical_list_accordion
161 error node -v v0.10.3
162 error npm -v 1.2.17
163 error path /var/www/vertical_list_accordion/node_modules/grunt-contrib-qunit/node_modules/grunt-lib-phantomjs/node_modules/.bin/phantomjs
164 error code EACCES
165 error errno 3
166 error stack Error: EACCES, unlink '/var/www/vertical_list_accordion/node_modules/grunt-contrib-qunit/node_modules/grunt-lib-phantomjs/node_modules/.bin/phantomjs'
167 verbose exit [ 3, true ]
